<?xml version="1.0" encoding="UTF-8"?>
<!-- Generated by org.testng.reporters.JUnitReportReporter -->
<testsuite hostname="DESKTOP-SM2GIMH" failures="0" tests="1" name="demoNew.Test49" time="7.266" errors="0" timestamp="2025-06-03T17:09:45 IST" skipped="0">
  <testcase classname="demoNew.Test49" name="Scriptttt" time="7.266"/>
</testsuite> <!-- demoNew.Test49 -->
