<?xml version="1.0" encoding="UTF-8"?>
<!-- Generated by org.testng.reporters.JUnitReportReporter -->
<testsuite hostname="DESKTOP-SM2GIMH" failures="0" tests="1" name="demoNew.Test51p" time="10.364" errors="0" timestamp="2025-06-03T18:43:59 IST" skipped="0">
  <testcase classname="demoNew.Test51p" name="Scripttt" time="10.364"/>
</testsuite> <!-- demoNew.Test51p -->
