<?xml version="1.0" encoding="UTF-8"?>
<!-- Generated by org.testng.reporters.JUnitReportReporter -->
<testsuite hostname="DESKTOP-SM2GIMH" failures="0" tests="1" name="vendor.Mutiplefailedloginsnolockoutt" time="16.482" errors="0" timestamp="2025-06-25T18:41:02 IST" skipped="0">
  <testcase classname="vendor.Mutiplefailedloginsnolockoutt" name="multipleFailedLoginsNoLockout" time="16.482"/>
</testsuite> <!-- vendor.Mutiplefailedloginsnolockoutt -->
