<?xml version="1.0" encoding="UTF-8"?>
<!-- Generated by org.testng.reporters.JUnitReportReporter -->
<testsuite hostname="DESKTOP-SM2GIMH" failures="0" tests="1" name="demoNew.Test3" time="12.286" errors="0" timestamp="2025-06-02T16:43:57 IST" skipped="0">
  <testcase classname="demoNew.Test3" name="Script" time="12.286">
    <system-out>
      <![CDATA[Search bar is working]]>
    </system-out>
  </testcase> <!-- Script -->
  <system-out>
    <![CDATA[Search bar is working]]>
  </system-out>
</testsuite> <!-- demoNew.Test3 -->
