<?xml version="1.0" encoding="UTF-8"?>
<!-- Generated by org.testng.reporters.JUnitReportReporter -->
<testsuite hostname="DESKTOP-SM2GIMH" failures="0" tests="1" name="extra.AdvanceReporting" time="0.012" errors="0" timestamp="2025-06-24T18:27:42 IST" skipped="0">
  <testcase classname="extra.AdvanceReporting" name="adReporting" time="0.012"/>
</testsuite> <!-- extra.AdvanceReporting -->
