<?xml version="1.0" encoding="UTF-8"?>
<!-- Generated by org.testng.reporters.JUnitReportReporter -->
<testsuite hostname="DESKTOP-SM2GIMH" failures="0" tests="1" name="vendor.Practice" time="0.012" errors="0" timestamp="2025-06-24T11:21:16 IST" skipped="0">
  <testcase classname="vendor.Practice" name="scriptt" time="0.012"/>
</testsuite> <!-- vendor.Practice -->
