<?xml version="1.0" encoding="UTF-8"?>
<!-- Generated by org.testng.reporters.JUnitReportReporter -->
<testsuite hostname="DESKTOP-SM2GIMH" failures="0" tests="1" name="demoNew.Test9" time="12.367" errors="0" timestamp="2025-06-03T12:36:03 IST" skipped="0">
  <testcase classname="demoNew.Test9" name="Sccript" time="12.367">
    <system-out>
      <![CDATA[Password is not able to change]]>
    </system-out>
  </testcase> <!-- Sccript -->
  <system-out>
    <![CDATA[Password is not able to change]]>
  </system-out>
</testsuite> <!-- demoNew.Test9 -->
