<?xml version="1.0" encoding="UTF-8"?>
<!-- Generated by org.testng.reporters.JUnitReportReporter -->
<testsuite hostname="DESKTOP-SM2GIMH" failures="0" tests="1" name="demoNew.Test5" time="7.108" errors="0" timestamp="2025-06-02T16:47:20 IST" skipped="0">
  <testcase classname="demoNew.Test5" name="scripttt" time="7.108">
    <system-out>
      <![CDATA[Search bar is working]]>
    </system-out>
  </testcase> <!-- scripttt -->
  <system-out>
    <![CDATA[Search bar is working]]>
  </system-out>
</testsuite> <!-- demoNew.Test5 -->
