<?xml version="1.0" encoding="UTF-8"?>
<!-- Generated by org.testng.reporters.JUnitReportReporter -->
<testsuite hostname="DESKTOP-SM2GIMH" failures="0" tests="1" name="vendor.Notificationicon" time="4.714" errors="0" timestamp="2025-06-04T10:38:55 IST" skipped="0">
  <testcase classname="vendor.Notificationicon" name="demoTest" time="4.714">
    <system-out>
      <![CDATA[Notification Icon is not Working]]>
    </system-out>
  </testcase> <!-- demoTest -->
  <system-out>
    <![CDATA[Notification Icon is not Working]]>
  </system-out>
</testsuite> <!-- vendor.Notificationicon -->
