<?xml version="1.0" encoding="UTF-8"?>
<!-- Generated by org.testng.reporters.JUnitReportReporter -->
<testsuite hostname="DESKTOP-SM2GIMH" failures="0" tests="1" name="vendor.VendorBenchMatchingPositionsSearchBar" time="11.950" errors="0" timestamp="2025-06-30T10:39:35 IST" skipped="0">
  <testcase classname="vendor.VendorBenchMatchingPositionsSearchBar" name="Script" time="11.950">
    <system-out>
      <![CDATA[Search bar is working]]>
    </system-out>
  </testcase> <!-- Script -->
  <system-out>
    <![CDATA[Search bar is working]]>
  </system-out>
</testsuite> <!-- vendor.VendorBenchMatchingPositionsSearchBar -->
