<?xml version="1.0" encoding="UTF-8"?>
<!-- Generated by org.testng.reporters.JUnitReportReporter -->
<testsuite hostname="DESKTOP-SM2GIMH" failures="0" tests="1" name="partner.PartnerPasswordChangeNotAllowsSamePassword" time="12.131" errors="0" timestamp="2025-06-04T18:54:26 IST" skipped="0">
  <testcase classname="partner.PartnerPasswordChangeNotAllowsSamePassword" name="Sccript" time="12.131">
    <system-out>
      <![CDATA[Password is not able to change]]>
    </system-out>
  </testcase> <!-- Sccript -->
  <system-out>
    <![CDATA[Password is not able to change]]>
  </system-out>
</testsuite> <!-- partner.PartnerPasswordChangeNotAllowsSamePassword -->
