<?xml version="1.0" encoding="UTF-8"?>
<!-- Generated by org.testng.reporters.JUnitReportReporter -->
<testsuite hostname="DESKTOP-SM2GIMH" failures="0" tests="1" name="vendor.NotificationIconUnclickable" time="5.927" errors="0" timestamp="2025-06-30T15:43:21 IST" skipped="0">
  <testcase classname="vendor.NotificationIconUnclickable" name="demoTest" time="5.927">
    <system-out>
      <![CDATA[Notification Icon is not Working]]>
    </system-out>
  </testcase> <!-- demoTest -->
  <system-out>
    <![CDATA[Notification Icon is not Working]]>
  </system-out>
</testsuite> <!-- vendor.NotificationIconUnclickable -->
