<?xml version="1.0" encoding="UTF-8"?>
<!-- Generated by org.testng.reporters.JUnitReportReporter -->
<testsuite hostname="DESKTOP-SM2GIMH" failures="0" tests="1" name="demoNew.Test1" time="5.082" errors="0" timestamp="2025-05-30T10:59:02 IST" skipped="0">
  <testcase classname="demoNew.Test1" name="demoTest" time="5.082">
    <system-out>
      <![CDATA[Notification Icon is not Working]]>
    </system-out>
  </testcase> <!-- demoTest -->
  <system-out>
    <![CDATA[Notification Icon is not Working]]>
  </system-out>
</testsuite> <!-- demoNew.Test1 -->
