<?xml version="1.0" encoding="UTF-8"?>
<!-- Generated by org.testng.reporters.JUnitReportReporter -->
<testsuite hostname="DESKTOP-SM2GIMH" failures="0" tests="1" name="demoNew.Test4" time="20.926" errors="0" timestamp="2025-06-02T13:50:44 IST" skipped="0">
  <testcase classname="demoNew.Test4" name="scriptt" time="20.926">
    <system-out>
      <![CDATA[Attempt #1
Attempt #2
Attempt #3
Attempt #4
Attempt #5]]>
    </system-out>
  </testcase> <!-- scriptt -->
  <system-out>
    <![CDATA[Attempt #1
Attempt #2
Attempt #3
Attempt #4
Attempt #5]]>
  </system-out>
</testsuite> <!-- demoNew.Test4 -->
