<?xml version="1.0" encoding="UTF-8"?>
<!-- Generated by org.testng.reporters.JUnitReportReporter -->
<testsuite hostname="DESKTOP-SM2GIMH" failures="0" tests="1" name="demoNew.Test57" time="11.926" errors="0" timestamp="2025-06-03T13:26:31 IST" skipped="0">
  <testcase classname="demoNew.Test57" name="Sccript" time="11.926">
    <system-out>
      <![CDATA[Password is not able to change]]>
    </system-out>
  </testcase> <!-- Sccript -->
  <system-out>
    <![CDATA[Password is not able to change]]>
  </system-out>
</testsuite> <!-- demoNew.Test57 -->
