<?xml version="1.0" encoding="UTF-8"?>
<!-- Generated by org.testng.reporters.JUnitReportReporter -->
<testsuite hostname="DESKTOP-SM2GIMH" failures="0" tests="1" name="vendor.VendorBenchTechStackSearchBar" time="9.120" errors="0" timestamp="2025-06-05T10:24:04 IST" skipped="0">
  <testcase classname="vendor.VendorBenchTechStackSearchBar" name="scrippt" time="9.120">
    <system-out>
      <![CDATA[Search bar is working]]>
    </system-out>
  </testcase> <!-- scrippt -->
  <system-out>
    <![CDATA[Search bar is working]]>
  </system-out>
</testsuite> <!-- vendor.VendorBenchTechStackSearchBar -->
