<?xml version="1.0" encoding="UTF-8"?>
<!-- Generated by org.testng.reporters.JUnitReportReporter -->
<testsuite hostname="DESKTOP-SM2GIMH" failures="0" tests="1" name="vendor.VendorDashboardTotalJobApplied" time="7.749" errors="0" timestamp="2025-06-30T16:08:55 IST" skipped="0">
  <testcase classname="vendor.VendorDashboardTotalJobApplied" name="Script" time="7.749">
    <system-out>
      <![CDATA[Header value: 1, Table rows: 1]]>
    </system-out>
  </testcase> <!-- Script -->
  <system-out>
    <![CDATA[Header value: 1, Table rows: 1]]>
  </system-out>
</testsuite> <!-- vendor.VendorDashboardTotalJobApplied -->
