<?xml version="1.0" encoding="UTF-8"?>
<!-- Generated by org.testng.reporters.JUnitReportReporter -->
<testsuite hostname="DESKTOP-SM2GIMH" failures="0" tests="1" name="partner.SendingEmpaneledRequesttothevendor" time="24.080" errors="0" timestamp="2025-06-05T17:12:33 IST" skipped="0">
  <testcase classname="partner.SendingEmpaneledRequesttothevendor" name="Scripptt" time="24.080">
    <system-out>
      <![CDATA[Request has been sent]]>
    </system-out>
  </testcase> <!-- Scripptt -->
  <system-out>
    <![CDATA[Request has been sent]]>
  </system-out>
</testsuite> <!-- partner.SendingEmpaneledRequesttothevendor -->
