<?xml version="1.0" encoding="UTF-8"?>
<!-- Generated by org.testng.reporters.JUnitReportReporter -->
<testsuite hostname="DESKTOP-SM2GIMH" failures="0" tests="1" name="vendor.VendorReqMatchingCandidatesSearchBar" time="6.992" errors="0" timestamp="2025-06-05T11:02:01 IST" skipped="0">
  <testcase classname="vendor.VendorReqMatchingCandidatesSearchBar" name="scripttt" time="6.992">
    <system-out>
      <![CDATA[Search bar is working]]>
    </system-out>
  </testcase> <!-- scripttt -->
  <system-out>
    <![CDATA[Search bar is working]]>
  </system-out>
</testsuite> <!-- vendor.VendorReqMatchingCandidatesSearchBar -->
