<?xml version="1.0" encoding="UTF-8"?>
<!-- Generated by org.testng.reporters.JUnitReportReporter -->
<testsuite hostname="DESKTOP-SM2GIMH" failures="0" tests="1" name="vendor.VendorDashboardTotalNumberOfPositions" time="6.741" errors="0" timestamp="2025-06-30T16:09:45 IST" skipped="0">
  <testcase classname="vendor.VendorDashboardTotalNumberOfPositions" name="Script" time="6.741"/>
</testsuite> <!-- vendor.VendorDashboardTotalNumberOfPositions -->
