<?xml version="1.0" encoding="UTF-8"?>
<!-- Generated by org.testng.reporters.JUnitReportReporter -->
<testsuite hostname="DESKTOP-SM2GIMH" failures="0" tests="1" name="demoNew.Test10" time="13.151" errors="0" timestamp="2025-06-03T13:09:42 IST" skipped="0">
  <testcase classname="demoNew.Test10" name="Script" time="13.151">
    <system-out>
      <![CDATA[Search bar is working]]>
    </system-out>
  </testcase> <!-- Script -->
  <system-out>
    <![CDATA[Search bar is working]]>
  </system-out>
</testsuite> <!-- demoNew.Test10 -->
