<?xml version="1.0" encoding="UTF-8"?>
<!-- Generated by org.testng.reporters.JUnitReportReporter -->
<testsuite hostname="DESKTOP-SM2GIMH" failures="0" tests="1" name="vendor.VendorPartnerEmpaneledSearchBar" time="9.216" errors="0" timestamp="2025-06-30T16:13:42 IST" skipped="0">
  <testcase classname="vendor.VendorPartnerEmpaneledSearchBar" name="Scrript" time="9.216">
    <system-out>
      <![CDATA[Search bar is working]]>
    </system-out>
  </testcase> <!-- Scrript -->
  <system-out>
    <![CDATA[Search bar is working]]>
  </system-out>
</testsuite> <!-- vendor.VendorPartnerEmpaneledSearchBar -->
