<?xml version="1.0" encoding="UTF-8"?>
<!-- Generated by org.testng.reporters.JUnitReportReporter -->
<testsuite hostname="DESKTOP-SM2GIMH" failures="0" tests="1" name="partner.PartnerProfileLastNameUpdate" time="11.808" errors="0" timestamp="2025-06-13T15:55:45 IST" skipped="0">
  <testcase classname="partner.PartnerProfileLastNameUpdate" name="Scripttt" time="11.808">
    <system-out>
      <![CDATA[Last name is updated]]>
    </system-out>
  </testcase> <!-- Scripttt -->
  <system-out>
    <![CDATA[Last name is updated]]>
  </system-out>
</testsuite> <!-- partner.PartnerProfileLastNameUpdate -->
