<?xml version="1.0" encoding="UTF-8"?>
<!-- Generated by org.testng.reporters.JUnitReportReporter -->
<testsuite hostname="DESKTOP-SM2GIMH" failures="0" tests="1" name="demoNew.Test7" time="9.579" errors="0" timestamp="2025-06-02T18:00:01 IST" skipped="0">
  <testcase classname="demoNew.Test7" name="scrippt" time="9.579">
    <system-out>
      <![CDATA[Search bar is working]]>
    </system-out>
  </testcase> <!-- scrippt -->
  <system-out>
    <![CDATA[Search bar is working]]>
  </system-out>
</testsuite> <!-- demoNew.Test7 -->
