<?xml version="1.0" encoding="UTF-8"?>
<!-- Generated by org.testng.reporters.JUnitReportReporter -->
<testsuite hostname="DESKTOP-SM2GIMH" failures="0" tests="1" name="demoNew.demo" time="4.730" errors="0" timestamp="2025-05-30T10:16:56 IST" skipped="0">
  <testcase classname="demoNew.demo" name="demoTest" time="4.730"/>
</testsuite> <!-- demoNew.demo -->
