<?xml version="1.0" encoding="UTF-8"?>
<!-- Generated by org.testng.reporters.JUnitReportReporter -->
<testsuite hostname="DESKTOP-SM2GIMH" failures="0" tests="1" name="vendor.MultipleFailedLoginsNoLockout" time="36.729" errors="0" timestamp="2025-06-30T15:31:19 IST" skipped="0">
  <testcase classname="vendor.MultipleFailedLoginsNoLockout" name="Multiplefailedloginsnolockout" time="36.729">
    <system-out>
      <![CDATA[Attempt #1
Attempt #2
Attempt #3
Attempt #4
Attempt #5]]>
    </system-out>
  </testcase> <!-- Multiplefailedloginsnolockout -->
  <system-out>
    <![CDATA[Attempt #1
Attempt #2
Attempt #3
Attempt #4
Attempt #5]]>
  </system-out>
</testsuite> <!-- vendor.MultipleFailedLoginsNoLockout -->
