<?xml version="1.0" encoding="UTF-8"?>
<!-- Generated by org.testng.reporters.JUnitReportReporter -->
<testsuite hostname="DESKTOP-SM2GIMH" failures="0" tests="1" name="vendor.VendorDashboardTotalJobApplied" time="5.727" errors="0" timestamp="2025-06-06T18:24:24 IST" skipped="0">
  <testcase classname="vendor.VendorDashboardTotalJobApplied" name="Script" time="5.727">
    <system-out>
      <![CDATA[Header value: 2, Table rows: 2]]>
    </system-out>
  </testcase> <!-- Script -->
  <system-out>
    <![CDATA[Header value: 2, Table rows: 2]]>
  </system-out>
</testsuite> <!-- vendor.VendorDashboardTotalJobApplied -->
