<?xml version="1.0" encoding="UTF-8"?>
<!-- Generated by org.testng.reporters.JUnitReportReporter -->
<testsuite hostname="DESKTOP-SM2GIMH" failures="0" tests="1" name="demoNew.Test01" time="4.471" errors="0" timestamp="2025-06-03T17:03:09 IST" skipped="0">
  <testcase classname="demoNew.Test01" name="demoTest" time="4.471">
    <system-out>
      <![CDATA[Notification Icon is not Working]]>
    </system-out>
  </testcase> <!-- demoTest -->
  <system-out>
    <![CDATA[Notification Icon is not Working]]>
  </system-out>
</testsuite> <!-- demoNew.Test01 -->
