<?xml version="1.0" encoding="UTF-8"?>
<!-- Generated by org.testng.reporters.JUnitReportReporter -->
<testsuite hostname="DESKTOP-SM2GIMH" failures="0" tests="1" name="demoNew.Test6" time="8.935" errors="0" timestamp="2025-06-02T17:08:43 IST" skipped="0">
  <testcase classname="demoNew.Test6" name="Scrript" time="8.935">
    <system-out>
      <![CDATA[Search bar is working]]>
    </system-out>
  </testcase> <!-- Scrript -->
  <system-out>
    <![CDATA[Search bar is working]]>
  </system-out>
</testsuite> <!-- demoNew.Test6 -->
