<?xml version="1.0" encoding="UTF-8"?>
<!-- Generated by org.testng.reporters.JUnitReportReporter -->
<testsuite hostname="DESKTOP-SM2GIMH" failures="0" tests="1" name="vendor.VendorMemberDeleteIcon" time="7.854" errors="0" timestamp="2025-06-17T12:55:05 IST" skipped="0">
  <testcase classname="vendor.VendorMemberDeleteIcon" name="Scriptttt" time="7.854">
    <system-out>
      <![CDATA[Member is deleted]]>
    </system-out>
  </testcase> <!-- Scriptttt -->
  <system-out>
    <![CDATA[Member is deleted]]>
  </system-out>
</testsuite> <!-- vendor.VendorMemberDeleteIcon -->
