<?xml version="1.0" encoding="UTF-8"?>
<!-- Generated by org.testng.reporters.JUnitReportReporter -->
<testsuite hostname="DESKTOP-SM2GIMH" failures="0" tests="1" name="partner.PartnerPasswordChangeAllowsSamePassword" time="12.356" errors="0" timestamp="2025-06-04T15:45:23 IST" skipped="0">
  <testcase classname="partner.PartnerPasswordChangeAllowsSamePassword" name="Sccript" time="12.356">
    <system-out>
      <![CDATA[Password is not able to change]]>
    </system-out>
  </testcase> <!-- Sccript -->
  <system-out>
    <![CDATA[Password is not able to change]]>
  </system-out>
</testsuite> <!-- partner.PartnerPasswordChangeAllowsSamePassword -->
