<?xml version="1.0" encoding="UTF-8"?>
<!-- Generated by org.testng.reporters.JUnitReportReporter -->
<testsuite hostname="DESKTOP-SM2GIMH" failures="0" tests="1" name="demoNew.Test13" time="9.080" errors="0" timestamp="2025-06-03T13:11:53 IST" skipped="0">
  <testcase classname="demoNew.Test13" name="Scrript" time="9.080">
    <system-out>
      <![CDATA[Search bar is working]]>
    </system-out>
  </testcase> <!-- Scrript -->
  <system-out>
    <![CDATA[Search bar is working]]>
  </system-out>
</testsuite> <!-- demoNew.Test13 -->
