<?xml version="1.0" encoding="UTF-8"?>
<!-- Generated by org.testng.reporters.JUnitReportReporter -->
<testsuite hostname="DESKTOP-SM2GIMH" failures="0" tests="1" name="demoNew.Test29" time="10.098" errors="0" timestamp="2025-06-03T13:13:13 IST" skipped="0">
  <testcase classname="demoNew.Test29" name="scrippt" time="10.098">
    <system-out>
      <![CDATA[Search bar is working]]>
    </system-out>
  </testcase> <!-- scrippt -->
  <system-out>
    <![CDATA[Search bar is working]]>
  </system-out>
</testsuite> <!-- demoNew.Test29 -->
